# JRE version: OpenJDK Runtime Environment (8.0_191-b12) (build 1.8.0_191-8u191-b12-0ubuntu0.16.04.1-b12)
# Java VM: OpenJDK 64-Bit Server VM (25.191-b12 mixed mode linux-amd64 compressed oops)
Heap:
 PSYoungGen      total 305664K, used 125109K [0x00000000ebe00000, 0x0000000100000000, 0x0000000100000000)
  eden space 292864K, 42% used [0x00000000ebe00000,0x00000000f382d540,0x00000000fdc00000)
  from space 12800K, 0% used [0x00000000fdc00000,0x00000000fdc00000,0x00000000fe880000)
  to   space 18944K, 0% used [0x00000000fed80000,0x00000000fed80000,0x0000000100000000)
 ParOldGen       total 92672K, used 44075K [0x00000000c3a00000, 0x00000000c9480000, 0x00000000ebe00000)
  object space 92672K, 47% used [0x00000000c3a00000,0x00000000c650ad10,0x00000000c9480000)
 Metaspace       used 59212K, capacity 61895K, committed 61952K, reserved 1103872K
  class space    used 7699K, capacity 8188K, committed 8192K, reserved 1048576K
GC Heap History (10 events):
Event: 9.403 GC heap before
{Heap before GC invocations=12 (full 2):
 PSYoungGen      total 304640K, used 7845K [0x00000000ebe00000, 0x0000000100000000, 0x0000000100000000)
  eden space 289792K, 0% used [0x00000000ebe00000,0x00000000ebe00000,0x00000000fd900000)
  from space 14848K, 52% used [0x00000000fe780000,0x00000000fef29498,0x00000000ff600000)
  to   space 14848K, 0% used [0x00000000fd900000,0x00000000fd900000,0x00000000fe780000)
 ParOldGen       total 30208K, used 18094K [0x00000000c3a00000, 0x00000000c5780000, 0x00000000ebe00000)
  object space 30208K, 59% used [0x00000000c3a00000,0x00000000c4babac0,0x00000000c5780000)
 Metaspace       used 33939K, capacity 35324K, committed 35416K, reserved 1081344K
  class space    used 4260K, capacity 4541K, committed 4608K, reserved 1048576K
Event: 9.529 GC heap after
Heap after GC invocations=12 (full 2):
 PSYoungGen      total 304640K, used 0K [0x00000000ebe00000, 0x0000000100000000, 0x0000000100000000)
  eden space 289792K, 0% used [0x00000000ebe00000,0x00000000ebe00000,0x00000000fd900000)
  from space 14848K, 0% used [0x00000000fe780000,0x00000000fe780000,0x00000000ff600000)
  to   space 14848K, 0% used [0x00000000fd900000,0x00000000fd900000,0x00000000fe780000)
 ParOldGen       total 54784K, used 18957K [0x00000000c3a00000, 0x00000000c6f80000, 0x00000000ebe00000)
  object space 54784K, 34% used [0x00000000c3a00000,0x00000000c4c83518,0x00000000c6f80000)
 Metaspace       used 33939K, capacity 35324K, committed 35416K, reserved 1081344K
  class space    used 4260K, capacity 4541K, committed 4608K, reserved 1048576K
}
Event: 12.720 GC heap before
{Heap before GC invocations=13 (full 2):
 PSYoungGen      total 304640K, used 289792K [0x00000000ebe00000, 0x0000000100000000, 0x0000000100000000)
  eden space 289792K, 100% used [0x00000000ebe00000,0x00000000fd900000,0x00000000fd900000)
  from space 14848K, 0% used [0x00000000fe780000,0x00000000fe780000,0x00000000ff600000)
  to   space 14848K, 0% used [0x00000000fd900000,0x00000000fd900000,0x00000000fe780000)
 ParOldGen       total 54784K, used 18957K [0x00000000c3a00000, 0x00000000c6f80000, 0x00000000ebe00000)
  object space 54784K, 34% used [0x00000000c3a00000,0x00000000c4c83518,0x00000000c6f80000)
 Metaspace       used 39962K, capacity 41628K, committed 41856K, reserved 1085440K
  class space    used 5038K, capacity 5380K, committed 5504K, reserved 1048576K
Event: 12.755 GC heap after
Heap after GC invocations=13 (full 2):
 PSYoungGen      total 304640K, used 14820K [0x00000000ebe00000, 0x0000000100000000, 0x0000000100000000)
  eden space 289792K, 0% used [0x00000000ebe00000,0x00000000ebe00000,0x00000000fd900000)
  from space 14848K, 99% used [0x00000000fd900000,0x00000000fe7792c0,0x00000000fe780000)
  to   space 16896K, 0% used [0x00000000fef80000,0x00000000fef80000,0x0000000100000000)
 ParOldGen       total 54784K, used 19222K [0x00000000c3a00000, 0x00000000c6f80000, 0x00000000ebe00000)
  object space 54784K, 35% used [0x00000000c3a00000,0x00000000c4cc5a90,0x00000000c6f80000)
 Metaspace       used 39962K, capacity 41628K, committed 41856K, reserved 1085440K
  class space    used 5038K, capacity 5380K, committed 5504K, reserved 1048576K
}
Event: 16.071 GC heap before
{Heap before GC invocations=14 (full 2):
 PSYoungGen      total 304640K, used 304612K [0x00000000ebe00000, 0x0000000100000000, 0x0000000100000000)
  eden space 289792K, 100% used [0x00000000ebe00000,0x00000000fd900000,0x00000000fd900000)
  from space 14848K, 99% used [0x00000000fd900000,0x00000000fe7792c0,0x00000000fe780000)
  to   space 16896K, 0% used [0x00000000fef80000,0x00000000fef80000,0x0000000100000000)
 ParOldGen       total 54784K, used 19222K [0x00000000c3a00000, 0x00000000c6f80000, 0x00000000ebe00000)
  object space 54784K, 35% used [0x00000000c3a00000,0x00000000c4cc5a90,0x00000000c6f80000)
 Metaspace       used 48541K, capacity 50686K, committed 50816K, reserved 1093632K
  class space    used 6303K, capacity 6695K, committed 6784K, reserved 1048576K
Event: 16.125 GC heap after
Heap after GC invocations=14 (full 2):
 PSYoungGen      total 309760K, used 13166K [0x00000000ebe00000, 0x0000000100000000, 0x0000000100000000)
  eden space 292864K, 0% used [0x00000000ebe00000,0x00000000ebe00000,0x00000000fdc00000)
  from space 16896K, 77% used [0x00000000fef80000,0x00000000ffc5ba60,0x0000000100000000)
  to   space 18432K, 0% used [0x00000000fdc00000,0x00000000fdc00000,0x00000000fee00000)
 ParOldGen       total 54784K, used 28247K [0x00000000c3a00000, 0x00000000c6f80000, 0x00000000ebe00000)
  object space 54784K, 51% used [0x00000000c3a00000,0x00000000c5595fb8,0x00000000c6f80000)
 Metaspace       used 48541K, capacity 50686K, committed 50816K, reserved 1093632K
  class space    used 6303K, capacity 6695K, committed 6784K, reserved 1048576K
}
Event: 25.902 GC heap before
{Heap before GC invocations=15 (full 2):
 PSYoungGen      total 309760K, used 297988K [0x00000000ebe00000, 0x0000000100000000, 0x0000000100000000)
  eden space 292864K, 97% used [0x00000000ebe00000,0x00000000fd425648,0x00000000fdc00000)
  from space 16896K, 77% used [0x00000000fef80000,0x00000000ffc5ba60,0x0000000100000000)
  to   space 18432K, 0% used [0x00000000fdc00000,0x00000000fdc00000,0x00000000fee00000)
 ParOldGen       total 54784K, used 28247K [0x00000000c3a00000, 0x00000000c6f80000, 0x00000000ebe00000)
  object space 54784K, 51% used [0x00000000c3a00000,0x00000000c5595fb8,0x00000000c6f80000)
 Metaspace       used 56280K, capacity 58758K, committed 59008K, reserved 1099776K
  class space    used 7330K, capacity 7789K, committed 7808K, reserved 1048576K
Event: 25.943 GC heap after
Heap after GC invocations=15 (full 2):
 PSYoungGen      total 305664K, used 12757K [0x00000000ebe00000, 0x0000000100000000, 0x0000000100000000)
  eden space 292864K, 0% used [0x00000000ebe00000,0x00000000ebe00000,0x00000000fdc00000)
  from space 12800K, 99% used [0x00000000fdc00000,0x00000000fe875498,0x00000000fe880000)
  to   space 18944K, 0% used [0x00000000fed80000,0x00000000fed80000,0x0000000100000000)
 ParOldGen       total 54784K, used 35680K [0x00000000c3a00000, 0x00000000c6f80000, 0x00000000ebe00000)
  object space 54784K, 65% used [0x00000000c3a00000,0x00000000c5cd8008,0x00000000c6f80000)
 Metaspace       used 56280K, capacity 58758K, committed 59008K, reserved 1099776K
  class space    used 7330K, capacity 7789K, committed 7808K, reserved 1048576K
}
Event: 25.943 GC heap before
{Heap before GC invocations=16 (full 3):
 PSYoungGen      total 305664K, used 12757K [0x00000000ebe00000, 0x0000000100000000, 0x0000000100000000)
  eden space 292864K, 0% used [0x00000000ebe00000,0x00000000ebe00000,0x00000000fdc00000)
  from space 12800K, 99% used [0x00000000fdc00000,0x00000000fe875498,0x00000000fe880000)
  to   space 18944K, 0% used [0x00000000fed80000,0x00000000fed80000,0x0000000100000000)
 ParOldGen       total 54784K, used 35680K [0x00000000c3a00000, 0x00000000c6f80000, 0x00000000ebe00000)
  object space 54784K, 65% used [0x00000000c3a00000,0x00000000c5cd8008,0x00000000c6f80000)
 Metaspace       used 56280K, capacity 58758K, committed 59008K, reserved 1099776K
  class space    used 7330K, capacity 7789K, committed 7808K, reserved 1048576K
Event: 26.439 GC heap after
Heap after GC invocations=16 (full 3):
 PSYoungGen      total 305664K, used 0K [0x00000000ebe00000, 0x0000000100000000, 0x0000000100000000)
  eden space 292864K, 0% used [0x00000000ebe00000,0x00000000ebe00000,0x00000000fdc00000)
  from space 12800K, 0% used [0x00000000fdc00000,0x00000000fdc00000,0x00000000fe880000)
  to   space 18944K, 0% used [0x00000000fed80000,0x00000000fed80000,0x0000000100000000)
 ParOldGen       total 92672K, used 44075K [0x00000000c3a00000, 0x00000000c9480000, 0x00000000ebe00000)
  object space 92672K, 47% used [0x00000000c3a00000,0x00000000c650ad10,0x00000000c9480000)
 Metaspace       used 56280K, capacity 58758K, committed 59008K, reserved 1099776K
  class space    used 7330K, capacity 7789K, committed 7808K, reserved 1048576K
}

