# JRE version: OpenJDK Runtime Environment (8.0_191-b12) (build 1.8.0_191-8u191-b12-0ubuntu0.16.04.1-b12)
# Java VM: OpenJDK 64-Bit Server VM (25.191-b12 mixed mode linux-amd64 compressed oops)
Heap:
 PSYoungGen      total 313344K, used 84353K [0x00000000ebe00000, 0x0000000100000000, 0x0000000100000000)
  eden space 297984K, 23% used [0x00000000ebe00000,0x00000000f019ebf8,0x00000000fe100000)
  from space 15360K, 98% used [0x00000000fe100000,0x00000000fefc1918,0x00000000ff000000)
  to   space 16384K, 0% used [0x00000000ff000000,0x00000000ff000000,0x0000000100000000)
 ParOldGen       total 81920K, used 34941K [0x00000000c3a00000, 0x00000000c8a00000, 0x00000000ebe00000)
  object space 81920K, 42% used [0x00000000c3a00000,0x00000000c5c1f6b8,0x00000000c8a00000)
 Metaspace       used 69109K, capacity 72294K, committed 72448K, reserved 1112064K
  class space    used 9070K, capacity 9649K, committed 9728K, reserved 1048576K
GC Heap History (10 events):
Event: 24.203 GC heap before
{Heap before GC invocations=16 (full 2):
 PSYoungGen      total 258048K, used 256146K [0x00000000ebe00000, 0x0000000100000000, 0x0000000100000000)
  eden space 247808K, 100% used [0x00000000ebe00000,0x00000000fb000000,0x00000000fb000000)
  from space 10240K, 81% used [0x00000000fb000000,0x00000000fb8248e8,0x00000000fba00000)
  to   space 10752K, 0% used [0x00000000ff580000,0x00000000ff580000,0x0000000100000000)
 ParOldGen       total 54272K, used 19899K [0x00000000c3a00000, 0x00000000c6f00000, 0x00000000ebe00000)
  object space 54272K, 36% used [0x00000000c3a00000,0x00000000c4d6ee18,0x00000000c6f00000)
 Metaspace       used 47470K, capacity 49394K, committed 49664K, reserved 1091584K
  class space    used 6181K, capacity 6561K, committed 6656K, reserved 1048576K
Event: 24.229 GC heap after
Heap after GC invocations=16 (full 2):
 PSYoungGen      total 310784K, used 10735K [0x00000000ebe00000, 0x0000000100000000, 0x0000000100000000)
  eden space 300032K, 0% used [0x00000000ebe00000,0x00000000ebe00000,0x00000000fe300000)
  from space 10752K, 99% used [0x00000000ff580000,0x00000000ffffbe78,0x0000000100000000)
  to   space 14848K, 0% used [0x00000000fe300000,0x00000000fe300000,0x00000000ff180000)
 ParOldGen       total 54272K, used 25789K [0x00000000c3a00000, 0x00000000c6f00000, 0x00000000ebe00000)
  object space 54272K, 47% used [0x00000000c3a00000,0x00000000c532f7c8,0x00000000c6f00000)
 Metaspace       used 47470K, capacity 49394K, committed 49664K, reserved 1091584K
  class space    used 6181K, capacity 6561K, committed 6656K, reserved 1048576K
}
Event: 27.662 GC heap before
{Heap before GC invocations=17 (full 2):
 PSYoungGen      total 310784K, used 310767K [0x00000000ebe00000, 0x0000000100000000, 0x0000000100000000)
  eden space 300032K, 100% used [0x00000000ebe00000,0x00000000fe300000,0x00000000fe300000)
  from space 10752K, 99% used [0x00000000ff580000,0x00000000ffffbe78,0x0000000100000000)
  to   space 14848K, 0% used [0x00000000fe300000,0x00000000fe300000,0x00000000ff180000)
 ParOldGen       total 54272K, used 25789K [0x00000000c3a00000, 0x00000000c6f00000, 0x00000000ebe00000)
  object space 54272K, 47% used [0x00000000c3a00000,0x00000000c532f7c8,0x00000000c6f00000)
 Metaspace       used 55657K, capacity 58126K, committed 58240K, reserved 1099776K
  class space    used 7280K, capacity 7721K, committed 7808K, reserved 1048576K
Event: 27.699 GC heap after
Heap after GC invocations=17 (full 2):
 PSYoungGen      total 312320K, used 12014K [0x00000000ebe00000, 0x0000000100000000, 0x0000000100000000)
  eden space 300032K, 0% used [0x00000000ebe00000,0x00000000ebe00000,0x00000000fe300000)
  from space 12288K, 97% used [0x00000000fe300000,0x00000000feebb8e0,0x00000000fef00000)
  to   space 15872K, 0% used [0x00000000ff080000,0x00000000ff080000,0x0000000100000000)
 ParOldGen       total 54272K, used 30605K [0x00000000c3a00000, 0x00000000c6f00000, 0x00000000ebe00000)
  object space 54272K, 56% used [0x00000000c3a00000,0x00000000c57e3450,0x00000000c6f00000)
 Metaspace       used 55657K, capacity 58126K, committed 58240K, reserved 1099776K
  class space    used 7280K, capacity 7721K, committed 7808K, reserved 1048576K
}
Event: 28.187 GC heap before
{Heap before GC invocations=18 (full 2):
 PSYoungGen      total 312320K, used 61811K [0x00000000ebe00000, 0x0000000100000000, 0x0000000100000000)
  eden space 300032K, 16% used [0x00000000ebe00000,0x00000000eeea15e8,0x00000000fe300000)
  from space 12288K, 97% used [0x00000000fe300000,0x00000000feebb8e0,0x00000000fef00000)
  to   space 15872K, 0% used [0x00000000ff080000,0x00000000ff080000,0x0000000100000000)
 ParOldGen       total 54272K, used 30605K [0x00000000c3a00000, 0x00000000c6f00000, 0x00000000ebe00000)
  object space 54272K, 56% used [0x00000000c3a00000,0x00000000c57e3450,0x00000000c6f00000)
 Metaspace       used 56341K, capacity 58890K, committed 59028K, reserved 1099776K
  class space    used 7384K, capacity 7843K, committed 7936K, reserved 1048576K
Event: 28.207 GC heap after
Heap after GC invocations=18 (full 2):
 PSYoungGen      total 313856K, used 1600K [0x00000000ebe00000, 0x0000000100000000, 0x0000000100000000)
  eden space 297984K, 0% used [0x00000000ebe00000,0x00000000ebe00000,0x00000000fe100000)
  from space 15872K, 10% used [0x00000000ff080000,0x00000000ff210000,0x0000000100000000)
  to   space 15872K, 0% used [0x00000000fe100000,0x00000000fe100000,0x00000000ff080000)
 ParOldGen       total 54272K, used 36173K [0x00000000c3a00000, 0x00000000c6f00000, 0x00000000ebe00000)
  object space 54272K, 66% used [0x00000000c3a00000,0x00000000c5d53470,0x00000000c6f00000)
 Metaspace       used 56341K, capacity 58890K, committed 59028K, reserved 1099776K
  class space    used 7384K, capacity 7843K, committed 7936K, reserved 1048576K
}
Event: 28.207 GC heap before
{Heap before GC invocations=19 (full 3):
 PSYoungGen      total 313856K, used 1600K [0x00000000ebe00000, 0x0000000100000000, 0x0000000100000000)
  eden space 297984K, 0% used [0x00000000ebe00000,0x00000000ebe00000,0x00000000fe100000)
  from space 15872K, 10% used [0x00000000ff080000,0x00000000ff210000,0x0000000100000000)
  to   space 15872K, 0% used [0x00000000fe100000,0x00000000fe100000,0x00000000ff080000)
 ParOldGen       total 54272K, used 36173K [0x00000000c3a00000, 0x00000000c6f00000, 0x00000000ebe00000)
  object space 54272K, 66% used [0x00000000c3a00000,0x00000000c5d53470,0x00000000c6f00000)
 Metaspace       used 56341K, capacity 58890K, committed 59028K, reserved 1099776K
  class space    used 7384K, capacity 7843K, committed 7936K, reserved 1048576K
Event: 28.808 GC heap after
Heap after GC invocations=19 (full 3):
 PSYoungGen      total 313856K, used 0K [0x00000000ebe00000, 0x0000000100000000, 0x0000000100000000)
  eden space 297984K, 0% used [0x00000000ebe00000,0x00000000ebe00000,0x00000000fe100000)
  from space 15872K, 0% used [0x00000000ff080000,0x00000000ff080000,0x0000000100000000)
  to   space 15872K, 0% used [0x00000000fe100000,0x00000000fe100000,0x00000000ff080000)
 ParOldGen       total 81920K, used 34933K [0x00000000c3a00000, 0x00000000c8a00000, 0x00000000ebe00000)
  object space 81920K, 42% used [0x00000000c3a00000,0x00000000c5c1d6b8,0x00000000c8a00000)
 Metaspace       used 56341K, capacity 58890K, committed 59028K, reserved 1099776K
  class space    used 7384K, capacity 7843K, committed 7936K, reserved 1048576K
}
Event: 260.236 GC heap before
{Heap before GC invocations=20 (full 3):
 PSYoungGen      total 313856K, used 297984K [0x00000000ebe00000, 0x0000000100000000, 0x0000000100000000)
  eden space 297984K, 100% used [0x00000000ebe00000,0x00000000fe100000,0x00000000fe100000)
  from space 15872K, 0% used [0x00000000ff080000,0x00000000ff080000,0x0000000100000000)
  to   space 15872K, 0% used [0x00000000fe100000,0x00000000fe100000,0x00000000ff080000)
 ParOldGen       total 81920K, used 34933K [0x00000000c3a00000, 0x00000000c8a00000, 0x00000000ebe00000)
  object space 81920K, 42% used [0x00000000c3a00000,0x00000000c5c1d6b8,0x00000000c8a00000)
 Metaspace       used 66469K, capacity 69466K, committed 69504K, reserved 1110016K
  class space    used 8796K, capacity 9329K, committed 9344K, reserved 1048576K
Event: 260.292 GC heap after
Heap after GC invocations=20 (full 3):
 PSYoungGen      total 313344K, used 15110K [0x00000000ebe00000, 0x0000000100000000, 0x0000000100000000)
  eden space 297984K, 0% used [0x00000000ebe00000,0x00000000ebe00000,0x00000000fe100000)
  from space 15360K, 98% used [0x00000000fe100000,0x00000000fefc1918,0x00000000ff000000)
  to   space 16384K, 0% used [0x00000000ff000000,0x00000000ff000000,0x0000000100000000)
 ParOldGen       total 81920K, used 34941K [0x00000000c3a00000, 0x00000000c8a00000, 0x00000000ebe00000)
  object space 81920K, 42% used [0x00000000c3a00000,0x00000000c5c1f6b8,0x00000000c8a00000)
 Metaspace       used 66469K, capacity 69466K, committed 69504K, reserved 1110016K
  class space    used 8796K, capacity 9329K, committed 9344K, reserved 1048576K
}

